Performing C SOURCE FILE Test CMAKE_HAVE_LIBC_PTHREAD failed with the following output:
Change Dir: /root/test_ws/ceres/build/CMakeFiles/CMakeTmp

Run Build Command(s):/usr/bin/make -f Makefile cmTC_40778/fast && /usr/bin/make  -f CMakeFiles/cmTC_40778.dir/build.make CMakeFiles/cmTC_40778.dir/build
make[1]: Entering directory '/root/test_ws/ceres/build/CMakeFiles/CMakeTmp'
Building C object CMakeFiles/cmTC_40778.dir/src.c.o
/usr/bin/cc -DCMAKE_HAVE_LIBC_PTHREAD   -o CMakeFiles/cmTC_40778.dir/src.c.o -c /root/test_ws/ceres/build/CMakeFiles/CMakeTmp/src.c
Linking C executable cmTC_40778
/usr/local/bin/cmake -E cmake_link_script CMakeFiles/cmTC_40778.dir/link.txt --verbose=1
/usr/bin/cc -rdynamic CMakeFiles/cmTC_40778.dir/src.c.o -o cmTC_40778 
CMakeFiles/cmTC_40778.dir/src.c.o: In function `main':
src.c:(.text+0x3e): undefined reference to `pthread_create'
src.c:(.text+0x4a): undefined reference to `pthread_detach'
src.c:(.text+0x56): undefined reference to `pthread_cancel'
src.c:(.text+0x67): undefined reference to `pthread_join'
src.c:(.text+0x7b): undefined reference to `pthread_atfork'
collect2: error: ld returned 1 exit status
CMakeFiles/cmTC_40778.dir/build.make:98: recipe for target 'cmTC_40778' failed
make[1]: *** [cmTC_40778] Error 1
make[1]: Leaving directory '/root/test_ws/ceres/build/CMakeFiles/CMakeTmp'
Makefile:127: recipe for target 'cmTC_40778/fast' failed
make: *** [cmTC_40778/fast] Error 2


Source file was:
#include <pthread.h>

static void* test_func(void* data)
{
  return data;
}

int main(void)
{
  pthread_t thread;
  pthread_create(&thread, NULL, test_func, NULL);
  pthread_detach(thread);
  pthread_cancel(thread);
  pthread_join(thread, NULL);
  pthread_atfork(NULL, NULL, NULL);
  pthread_exit(NULL);

  return 0;
}

Determining if the function pthread_create exists in the pthreads failed with the following output:
Change Dir: /root/test_ws/ceres/build/CMakeFiles/CMakeTmp

Run Build Command(s):/usr/bin/make -f Makefile cmTC_3df11/fast && /usr/bin/make  -f CMakeFiles/cmTC_3df11.dir/build.make CMakeFiles/cmTC_3df11.dir/build
make[1]: Entering directory '/root/test_ws/ceres/build/CMakeFiles/CMakeTmp'
Building C object CMakeFiles/cmTC_3df11.dir/CheckFunctionExists.c.o
/usr/bin/cc   -DCHECK_FUNCTION_EXISTS=pthread_create -o CMakeFiles/cmTC_3df11.dir/CheckFunctionExists.c.o -c /usr/local/share/cmake-3.23/Modules/CheckFunctionExists.c
Linking C executable cmTC_3df11
/usr/local/bin/cmake -E cmake_link_script CMakeFiles/cmTC_3df11.dir/link.txt --verbose=1
/usr/bin/cc  -DCHECK_FUNCTION_EXISTS=pthread_create -rdynamic CMakeFiles/cmTC_3df11.dir/CheckFunctionExists.c.o -o cmTC_3df11  -lpthreads 
/usr/bin/ld: cannot find -lpthreads
collect2: error: ld returned 1 exit status
CMakeFiles/cmTC_3df11.dir/build.make:98: recipe for target 'cmTC_3df11' failed
make[1]: *** [cmTC_3df11] Error 1
make[1]: Leaving directory '/root/test_ws/ceres/build/CMakeFiles/CMakeTmp'
Makefile:127: recipe for target 'cmTC_3df11/fast' failed
make: *** [cmTC_3df11/fast] Error 2



Determining if the function sgemm_ exists failed with the following output:
Change Dir: /root/test_ws/ceres/build/CMakeFiles/CMakeTmp

Run Build Command(s):/usr/bin/make -f Makefile cmTC_2ef5e/fast && /usr/bin/make  -f CMakeFiles/cmTC_2ef5e.dir/build.make CMakeFiles/cmTC_2ef5e.dir/build
make[1]: Entering directory '/root/test_ws/ceres/build/CMakeFiles/CMakeTmp'
Building C object CMakeFiles/cmTC_2ef5e.dir/CheckFunctionExists.c.o
/usr/bin/cc   -DCHECK_FUNCTION_EXISTS=sgemm_ -o CMakeFiles/cmTC_2ef5e.dir/CheckFunctionExists.c.o -c /usr/local/share/cmake-3.23/Modules/CheckFunctionExists.c
Linking C executable cmTC_2ef5e
/usr/local/bin/cmake -E cmake_link_script CMakeFiles/cmTC_2ef5e.dir/link.txt --verbose=1
/usr/bin/cc  -DCHECK_FUNCTION_EXISTS=sgemm_ -rdynamic CMakeFiles/cmTC_2ef5e.dir/CheckFunctionExists.c.o -o cmTC_2ef5e 
CMakeFiles/cmTC_2ef5e.dir/CheckFunctionExists.c.o: In function `main':
CheckFunctionExists.c:(.text+0x10): undefined reference to `sgemm_'
collect2: error: ld returned 1 exit status
CMakeFiles/cmTC_2ef5e.dir/build.make:98: recipe for target 'cmTC_2ef5e' failed
make[1]: *** [cmTC_2ef5e] Error 1
make[1]: Leaving directory '/root/test_ws/ceres/build/CMakeFiles/CMakeTmp'
Makefile:127: recipe for target 'cmTC_2ef5e/fast' failed
make: *** [cmTC_2ef5e/fast] Error 2



Determining if the function cheev_ exists failed with the following output:
Change Dir: /root/test_ws/ceres/build/CMakeFiles/CMakeTmp

Run Build Command(s):/usr/bin/make -f Makefile cmTC_788b2/fast && /usr/bin/make  -f CMakeFiles/cmTC_788b2.dir/build.make CMakeFiles/cmTC_788b2.dir/build
make[1]: Entering directory '/root/test_ws/ceres/build/CMakeFiles/CMakeTmp'
Building C object CMakeFiles/cmTC_788b2.dir/CheckFunctionExists.c.o
/usr/bin/cc   -DCHECK_FUNCTION_EXISTS=cheev_ -o CMakeFiles/cmTC_788b2.dir/CheckFunctionExists.c.o -c /usr/local/share/cmake-3.23/Modules/CheckFunctionExists.c
Linking C executable cmTC_788b2
/usr/local/bin/cmake -E cmake_link_script CMakeFiles/cmTC_788b2.dir/link.txt --verbose=1
/usr/bin/cc  -DCHECK_FUNCTION_EXISTS=cheev_ -rdynamic CMakeFiles/cmTC_788b2.dir/CheckFunctionExists.c.o -o cmTC_788b2  /usr/lib/x86_64-linux-gnu/libblas.so -lpthread -lm -ldl 
CMakeFiles/cmTC_788b2.dir/CheckFunctionExists.c.o: In function `main':
CheckFunctionExists.c:(.text+0x10): undefined reference to `cheev_'
collect2: error: ld returned 1 exit status
CMakeFiles/cmTC_788b2.dir/build.make:99: recipe for target 'cmTC_788b2' failed
make[1]: *** [cmTC_788b2] Error 1
make[1]: Leaving directory '/root/test_ws/ceres/build/CMakeFiles/CMakeTmp'
Makefile:127: recipe for target 'cmTC_788b2/fast' failed
make: *** [cmTC_788b2/fast] Error 2



Determining if the function cheev_ exists failed with the following output:
Change Dir: /root/test_ws/ceres/build/CMakeFiles/CMakeTmp

Run Build Command(s):/usr/bin/make -f Makefile cmTC_60060/fast && /usr/bin/make  -f CMakeFiles/cmTC_60060.dir/build.make CMakeFiles/cmTC_60060.dir/build
make[1]: Entering directory '/root/test_ws/ceres/build/CMakeFiles/CMakeTmp'
Building C object CMakeFiles/cmTC_60060.dir/CheckFunctionExists.c.o
/usr/bin/cc   -DCHECK_FUNCTION_EXISTS=cheev_ -o CMakeFiles/cmTC_60060.dir/CheckFunctionExists.c.o -c /usr/local/share/cmake-3.23/Modules/CheckFunctionExists.c
Linking C executable cmTC_60060
/usr/local/bin/cmake -E cmake_link_script CMakeFiles/cmTC_60060.dir/link.txt --verbose=1
/usr/bin/cc  -DCHECK_FUNCTION_EXISTS=cheev_ -rdynamic CMakeFiles/cmTC_60060.dir/CheckFunctionExists.c.o -o cmTC_60060  /usr/lib/x86_64-linux-gnu/liblapack.so /usr/lib/x86_64-linux-gnu/libblas.so -fortranlibs 
cc: error: unrecognized command line option '-fortranlibs'; did you mean '-fltrans'?
CMakeFiles/cmTC_60060.dir/build.make:100: recipe for target 'cmTC_60060' failed
make[1]: *** [cmTC_60060] Error 1
make[1]: Leaving directory '/root/test_ws/ceres/build/CMakeFiles/CMakeTmp'
Makefile:127: recipe for target 'cmTC_60060/fast' failed
make: *** [cmTC_60060/fast] Error 2



